CRITICAL - 2023-04-22 05:54:54 --> Undefined array key "role"
in APPPATH/Views/category_view.php on line 4.
 1 APPPATH/Views/category_view.php(4): CodeIgniter\Debug\Exceptions->errorHandler()
 2 SYSTEMPATH/View/View.php(213): include('/var/www/html/practise/appstarter/app/Views/category_view.php')
 3 SYSTEMPATH/View/View.php(216): CodeIgniter\View\View->CodeIgniter\View\{closure}()
 4 SYSTEMPATH/Common.php(1184): CodeIgniter\View\View->render()
 5 APPPATH/Controllers/Category.php(13): view()
 6 SYSTEMPATH/CodeIgniter.php(934): App\Controllers\Category->index()
 7 SYSTEMPATH/CodeIgniter.php(499): CodeIgniter\CodeIgniter->runController()
 8 SYSTEMPATH/CodeIgniter.php(368): CodeIgniter\CodeIgniter->handleRequest()
 9 FCPATH/index.php(67): CodeIgniter\CodeIgniter->run()
10 SYSTEMPATH/Commands/Server/rewrite.php(47): require_once('/var/www/html/practise/appstarter/public/index.php')
CRITICAL - 2023-04-22 06:23:40 --> CodeIgniter\Router\RouteCollection::resource(): Argument #2 ($options) must be of type ?array, string given, called in /var/www/html/practise/appstarter/app/Config/Routes.php on line 34
in SYSTEMPATH/Router/RouteCollection.php on line 727.
 1 APPPATH/Config/Routes.php(34): CodeIgniter\Router\RouteCollection->resource()
 2 SYSTEMPATH/Router/RouteCollection.php(267): require('/var/www/html/practise/appstarter/app/Config/Routes.php')
 3 SYSTEMPATH/CodeIgniter.php(802): CodeIgniter\Router\RouteCollection->loadRoutes()
 4 SYSTEMPATH/CodeIgniter.php(449): CodeIgniter\CodeIgniter->tryToRouteIt()
 5 SYSTEMPATH/CodeIgniter.php(368): CodeIgniter\CodeIgniter->handleRequest()
 6 FCPATH/index.php(67): CodeIgniter\CodeIgniter->run()
 7 SYSTEMPATH/Commands/Server/rewrite.php(47): require_once('/var/www/html/practise/appstarter/public/index.php')
CRITICAL - 2023-04-22 06:26:09 --> CodeIgniter\Router\RouteCollection::resource(): Argument #2 ($options) must be of type ?array, string given, called in /var/www/html/practise/appstarter/app/Config/Routes.php on line 36
in SYSTEMPATH/Router/RouteCollection.php on line 727.
 1 APPPATH/Config/Routes.php(36): CodeIgniter\Router\RouteCollection->resource()
 2 SYSTEMPATH/Router/RouteCollection.php(267): require('/var/www/html/practise/appstarter/app/Config/Routes.php')
 3 SYSTEMPATH/CodeIgniter.php(802): CodeIgniter\Router\RouteCollection->loadRoutes()
 4 SYSTEMPATH/CodeIgniter.php(449): CodeIgniter\CodeIgniter->tryToRouteIt()
 5 SYSTEMPATH/CodeIgniter.php(368): CodeIgniter\CodeIgniter->handleRequest()
 6 FCPATH/index.php(67): CodeIgniter\CodeIgniter->run()
 7 SYSTEMPATH/Commands/Server/rewrite.php(47): require_once('/var/www/html/practise/appstarter/public/index.php')
CRITICAL - 2023-04-22 06:26:13 --> CodeIgniter\Router\RouteCollection::resource(): Argument #2 ($options) must be of type ?array, string given, called in /var/www/html/practise/appstarter/app/Config/Routes.php on line 36
in SYSTEMPATH/Router/RouteCollection.php on line 727.
 1 APPPATH/Config/Routes.php(36): CodeIgniter\Router\RouteCollection->resource()
 2 SYSTEMPATH/Router/RouteCollection.php(267): require('/var/www/html/practise/appstarter/app/Config/Routes.php')
 3 SYSTEMPATH/CodeIgniter.php(802): CodeIgniter\Router\RouteCollection->loadRoutes()
 4 SYSTEMPATH/CodeIgniter.php(449): CodeIgniter\CodeIgniter->tryToRouteIt()
 5 SYSTEMPATH/CodeIgniter.php(368): CodeIgniter\CodeIgniter->handleRequest()
 6 FCPATH/index.php(67): CodeIgniter\CodeIgniter->run()
 7 SYSTEMPATH/Commands/Server/rewrite.php(47): require_once('/var/www/html/practise/appstarter/public/index.php')
CRITICAL - 2023-04-22 06:26:25 --> CodeIgniter\Router\RouteCollection::resource(): Argument #2 ($options) must be of type ?array, string given, called in /var/www/html/practise/appstarter/app/Config/Routes.php on line 36
in SYSTEMPATH/Router/RouteCollection.php on line 727.
 1 APPPATH/Config/Routes.php(36): CodeIgniter\Router\RouteCollection->resource()
 2 SYSTEMPATH/Router/RouteCollection.php(267): require('/var/www/html/practise/appstarter/app/Config/Routes.php')
 3 SYSTEMPATH/CodeIgniter.php(802): CodeIgniter\Router\RouteCollection->loadRoutes()
 4 SYSTEMPATH/CodeIgniter.php(449): CodeIgniter\CodeIgniter->tryToRouteIt()
 5 SYSTEMPATH/CodeIgniter.php(368): CodeIgniter\CodeIgniter->handleRequest()
 6 FCPATH/index.php(67): CodeIgniter\CodeIgniter->run()
 7 SYSTEMPATH/Commands/Server/rewrite.php(47): require_once('/var/www/html/practise/appstarter/public/index.php')
CRITICAL - 2023-04-22 06:26:35 --> CodeIgniter\Router\RouteCollection::resource(): Argument #2 ($options) must be of type ?array, string given, called in /var/www/html/practise/appstarter/app/Config/Routes.php on line 36
in SYSTEMPATH/Router/RouteCollection.php on line 727.
 1 APPPATH/Config/Routes.php(36): CodeIgniter\Router\RouteCollection->resource()
 2 SYSTEMPATH/Router/RouteCollection.php(267): require('/var/www/html/practise/appstarter/app/Config/Routes.php')
 3 SYSTEMPATH/CodeIgniter.php(802): CodeIgniter\Router\RouteCollection->loadRoutes()
 4 SYSTEMPATH/CodeIgniter.php(449): CodeIgniter\CodeIgniter->tryToRouteIt()
 5 SYSTEMPATH/CodeIgniter.php(368): CodeIgniter\CodeIgniter->handleRequest()
 6 FCPATH/index.php(67): CodeIgniter\CodeIgniter->run()
 7 SYSTEMPATH/Commands/Server/rewrite.php(47): require_once('/var/www/html/practise/appstarter/public/index.php')
CRITICAL - 2023-04-22 06:26:59 --> CodeIgniter\Router\RouteCollection::resource(): Argument #2 ($options) must be of type ?array, string given, called in /var/www/html/practise/appstarter/app/Config/Routes.php on line 36
in SYSTEMPATH/Router/RouteCollection.php on line 727.
 1 APPPATH/Config/Routes.php(36): CodeIgniter\Router\RouteCollection->resource()
 2 SYSTEMPATH/Router/RouteCollection.php(267): require('/var/www/html/practise/appstarter/app/Config/Routes.php')
 3 SYSTEMPATH/CodeIgniter.php(802): CodeIgniter\Router\RouteCollection->loadRoutes()
 4 SYSTEMPATH/CodeIgniter.php(449): CodeIgniter\CodeIgniter->tryToRouteIt()
 5 SYSTEMPATH/CodeIgniter.php(368): CodeIgniter\CodeIgniter->handleRequest()
 6 FCPATH/index.php(67): CodeIgniter\CodeIgniter->run()
 7 SYSTEMPATH/Commands/Server/rewrite.php(47): require_once('/var/www/html/practise/appstarter/public/index.php')
CRITICAL - 2023-04-22 06:27:17 --> CodeIgniter\Router\RouteCollection::resource(): Argument #2 ($options) must be of type ?array, string given, called in /var/www/html/practise/appstarter/app/Config/Routes.php on line 36
in SYSTEMPATH/Router/RouteCollection.php on line 727.
 1 APPPATH/Config/Routes.php(36): CodeIgniter\Router\RouteCollection->resource()
 2 SYSTEMPATH/Router/RouteCollection.php(267): require('/var/www/html/practise/appstarter/app/Config/Routes.php')
 3 SYSTEMPATH/CodeIgniter.php(802): CodeIgniter\Router\RouteCollection->loadRoutes()
 4 SYSTEMPATH/CodeIgniter.php(449): CodeIgniter\CodeIgniter->tryToRouteIt()
 5 SYSTEMPATH/CodeIgniter.php(368): CodeIgniter\CodeIgniter->handleRequest()
 6 FCPATH/index.php(67): CodeIgniter\CodeIgniter->run()
 7 SYSTEMPATH/Commands/Server/rewrite.php(47): require_once('/var/www/html/practise/appstarter/public/index.php')
CRITICAL - 2023-04-22 06:27:18 --> CodeIgniter\Router\RouteCollection::resource(): Argument #2 ($options) must be of type ?array, string given, called in /var/www/html/practise/appstarter/app/Config/Routes.php on line 36
in SYSTEMPATH/Router/RouteCollection.php on line 727.
 1 APPPATH/Config/Routes.php(36): CodeIgniter\Router\RouteCollection->resource()
 2 SYSTEMPATH/Router/RouteCollection.php(267): require('/var/www/html/practise/appstarter/app/Config/Routes.php')
 3 SYSTEMPATH/CodeIgniter.php(802): CodeIgniter\Router\RouteCollection->loadRoutes()
 4 SYSTEMPATH/CodeIgniter.php(449): CodeIgniter\CodeIgniter->tryToRouteIt()
 5 SYSTEMPATH/CodeIgniter.php(368): CodeIgniter\CodeIgniter->handleRequest()
 6 FCPATH/index.php(67): CodeIgniter\CodeIgniter->run()
 7 SYSTEMPATH/Commands/Server/rewrite.php(47): require_once('/var/www/html/practise/appstarter/public/index.php')
CRITICAL - 2023-04-22 06:27:18 --> CodeIgniter\Router\RouteCollection::resource(): Argument #2 ($options) must be of type ?array, string given, called in /var/www/html/practise/appstarter/app/Config/Routes.php on line 36
in SYSTEMPATH/Router/RouteCollection.php on line 727.
 1 APPPATH/Config/Routes.php(36): CodeIgniter\Router\RouteCollection->resource()
 2 SYSTEMPATH/Router/RouteCollection.php(267): require('/var/www/html/practise/appstarter/app/Config/Routes.php')
 3 SYSTEMPATH/CodeIgniter.php(802): CodeIgniter\Router\RouteCollection->loadRoutes()
 4 SYSTEMPATH/CodeIgniter.php(449): CodeIgniter\CodeIgniter->tryToRouteIt()
 5 SYSTEMPATH/CodeIgniter.php(368): CodeIgniter\CodeIgniter->handleRequest()
 6 FCPATH/index.php(67): CodeIgniter\CodeIgniter->run()
 7 SYSTEMPATH/Commands/Server/rewrite.php(47): require_once('/var/www/html/practise/appstarter/public/index.php')
CRITICAL - 2023-04-22 06:27:19 --> CodeIgniter\Router\RouteCollection::resource(): Argument #2 ($options) must be of type ?array, string given, called in /var/www/html/practise/appstarter/app/Config/Routes.php on line 36
in SYSTEMPATH/Router/RouteCollection.php on line 727.
 1 APPPATH/Config/Routes.php(36): CodeIgniter\Router\RouteCollection->resource()
 2 SYSTEMPATH/Router/RouteCollection.php(267): require('/var/www/html/practise/appstarter/app/Config/Routes.php')
 3 SYSTEMPATH/CodeIgniter.php(802): CodeIgniter\Router\RouteCollection->loadRoutes()
 4 SYSTEMPATH/CodeIgniter.php(449): CodeIgniter\CodeIgniter->tryToRouteIt()
 5 SYSTEMPATH/CodeIgniter.php(368): CodeIgniter\CodeIgniter->handleRequest()
 6 FCPATH/index.php(67): CodeIgniter\CodeIgniter->run()
 7 SYSTEMPATH/Commands/Server/rewrite.php(47): require_once('/var/www/html/practise/appstarter/public/index.php')
CRITICAL - 2023-04-22 06:27:20 --> CodeIgniter\Router\RouteCollection::resource(): Argument #2 ($options) must be of type ?array, string given, called in /var/www/html/practise/appstarter/app/Config/Routes.php on line 36
in SYSTEMPATH/Router/RouteCollection.php on line 727.
 1 APPPATH/Config/Routes.php(36): CodeIgniter\Router\RouteCollection->resource()
 2 SYSTEMPATH/Router/RouteCollection.php(267): require('/var/www/html/practise/appstarter/app/Config/Routes.php')
 3 SYSTEMPATH/CodeIgniter.php(802): CodeIgniter\Router\RouteCollection->loadRoutes()
 4 SYSTEMPATH/CodeIgniter.php(449): CodeIgniter\CodeIgniter->tryToRouteIt()
 5 SYSTEMPATH/CodeIgniter.php(368): CodeIgniter\CodeIgniter->handleRequest()
 6 FCPATH/index.php(67): CodeIgniter\CodeIgniter->run()
 7 SYSTEMPATH/Commands/Server/rewrite.php(47): require_once('/var/www/html/practise/appstarter/public/index.php')
CRITICAL - 2023-04-22 06:27:20 --> CodeIgniter\Router\RouteCollection::resource(): Argument #2 ($options) must be of type ?array, string given, called in /var/www/html/practise/appstarter/app/Config/Routes.php on line 36
in SYSTEMPATH/Router/RouteCollection.php on line 727.
 1 APPPATH/Config/Routes.php(36): CodeIgniter\Router\RouteCollection->resource()
 2 SYSTEMPATH/Router/RouteCollection.php(267): require('/var/www/html/practise/appstarter/app/Config/Routes.php')
 3 SYSTEMPATH/CodeIgniter.php(802): CodeIgniter\Router\RouteCollection->loadRoutes()
 4 SYSTEMPATH/CodeIgniter.php(449): CodeIgniter\CodeIgniter->tryToRouteIt()
 5 SYSTEMPATH/CodeIgniter.php(368): CodeIgniter\CodeIgniter->handleRequest()
 6 FCPATH/index.php(67): CodeIgniter\CodeIgniter->run()
 7 SYSTEMPATH/Commands/Server/rewrite.php(47): require_once('/var/www/html/practise/appstarter/public/index.php')
CRITICAL - 2023-04-22 06:27:20 --> CodeIgniter\Router\RouteCollection::resource(): Argument #2 ($options) must be of type ?array, string given, called in /var/www/html/practise/appstarter/app/Config/Routes.php on line 36
in SYSTEMPATH/Router/RouteCollection.php on line 727.
 1 APPPATH/Config/Routes.php(36): CodeIgniter\Router\RouteCollection->resource()
 2 SYSTEMPATH/Router/RouteCollection.php(267): require('/var/www/html/practise/appstarter/app/Config/Routes.php')
 3 SYSTEMPATH/CodeIgniter.php(802): CodeIgniter\Router\RouteCollection->loadRoutes()
 4 SYSTEMPATH/CodeIgniter.php(449): CodeIgniter\CodeIgniter->tryToRouteIt()
 5 SYSTEMPATH/CodeIgniter.php(368): CodeIgniter\CodeIgniter->handleRequest()
 6 FCPATH/index.php(67): CodeIgniter\CodeIgniter->run()
 7 SYSTEMPATH/Commands/Server/rewrite.php(47): require_once('/var/www/html/practise/appstarter/public/index.php')
CRITICAL - 2023-04-22 06:27:32 --> CodeIgniter\Router\RouteCollection::resource(): Argument #2 ($options) must be of type ?array, string given, called in /var/www/html/practise/appstarter/app/Config/Routes.php on line 36
in SYSTEMPATH/Router/RouteCollection.php on line 727.
 1 APPPATH/Config/Routes.php(36): CodeIgniter\Router\RouteCollection->resource()
 2 SYSTEMPATH/Router/RouteCollection.php(267): require('/var/www/html/practise/appstarter/app/Config/Routes.php')
 3 SYSTEMPATH/CodeIgniter.php(802): CodeIgniter\Router\RouteCollection->loadRoutes()
 4 SYSTEMPATH/CodeIgniter.php(449): CodeIgniter\CodeIgniter->tryToRouteIt()
 5 SYSTEMPATH/CodeIgniter.php(368): CodeIgniter\CodeIgniter->handleRequest()
 6 FCPATH/index.php(67): CodeIgniter\CodeIgniter->run()
 7 SYSTEMPATH/Commands/Server/rewrite.php(47): require_once('/var/www/html/practise/appstarter/public/index.php')
CRITICAL - 2023-04-22 06:27:37 --> CodeIgniter\Router\RouteCollection::resource(): Argument #2 ($options) must be of type ?array, string given, called in /var/www/html/practise/appstarter/app/Config/Routes.php on line 36
in SYSTEMPATH/Router/RouteCollection.php on line 727.
 1 APPPATH/Config/Routes.php(36): CodeIgniter\Router\RouteCollection->resource()
 2 SYSTEMPATH/Router/RouteCollection.php(267): require('/var/www/html/practise/appstarter/app/Config/Routes.php')
 3 SYSTEMPATH/CodeIgniter.php(802): CodeIgniter\Router\RouteCollection->loadRoutes()
 4 SYSTEMPATH/CodeIgniter.php(449): CodeIgniter\CodeIgniter->tryToRouteIt()
 5 SYSTEMPATH/CodeIgniter.php(368): CodeIgniter\CodeIgniter->handleRequest()
 6 FCPATH/index.php(67): CodeIgniter\CodeIgniter->run()
 7 SYSTEMPATH/Commands/Server/rewrite.php(47): require_once('/var/www/html/practise/appstarter/public/index.php')
CRITICAL - 2023-04-22 06:27:46 --> CodeIgniter\Router\RouteCollection::resource(): Argument #2 ($options) must be of type ?array, string given, called in /var/www/html/practise/appstarter/app/Config/Routes.php on line 36
in SYSTEMPATH/Router/RouteCollection.php on line 727.
 1 APPPATH/Config/Routes.php(36): CodeIgniter\Router\RouteCollection->resource()
 2 SYSTEMPATH/Router/RouteCollection.php(267): require('/var/www/html/practise/appstarter/app/Config/Routes.php')
 3 SYSTEMPATH/CodeIgniter.php(802): CodeIgniter\Router\RouteCollection->loadRoutes()
 4 SYSTEMPATH/CodeIgniter.php(449): CodeIgniter\CodeIgniter->tryToRouteIt()
 5 SYSTEMPATH/CodeIgniter.php(368): CodeIgniter\CodeIgniter->handleRequest()
 6 FCPATH/index.php(67): CodeIgniter\CodeIgniter->run()
 7 SYSTEMPATH/Commands/Server/rewrite.php(47): require_once('/var/www/html/practise/appstarter/public/index.php')
CRITICAL - 2023-04-22 06:27:47 --> CodeIgniter\Router\RouteCollection::resource(): Argument #2 ($options) must be of type ?array, string given, called in /var/www/html/practise/appstarter/app/Config/Routes.php on line 36
in SYSTEMPATH/Router/RouteCollection.php on line 727.
 1 APPPATH/Config/Routes.php(36): CodeIgniter\Router\RouteCollection->resource()
 2 SYSTEMPATH/Router/RouteCollection.php(267): require('/var/www/html/practise/appstarter/app/Config/Routes.php')
 3 SYSTEMPATH/CodeIgniter.php(802): CodeIgniter\Router\RouteCollection->loadRoutes()
 4 SYSTEMPATH/CodeIgniter.php(449): CodeIgniter\CodeIgniter->tryToRouteIt()
 5 SYSTEMPATH/CodeIgniter.php(368): CodeIgniter\CodeIgniter->handleRequest()
 6 FCPATH/index.php(67): CodeIgniter\CodeIgniter->run()
 7 SYSTEMPATH/Commands/Server/rewrite.php(47): require_once('/var/www/html/practise/appstarter/public/index.php')
CRITICAL - 2023-04-22 06:27:59 --> CodeIgniter\Router\RouteCollection::resource(): Argument #2 ($options) must be of type ?array, string given, called in /var/www/html/practise/appstarter/app/Config/Routes.php on line 36
in SYSTEMPATH/Router/RouteCollection.php on line 727.
 1 APPPATH/Config/Routes.php(36): CodeIgniter\Router\RouteCollection->resource()
 2 SYSTEMPATH/Router/RouteCollection.php(267): require('/var/www/html/practise/appstarter/app/Config/Routes.php')
 3 SYSTEMPATH/CodeIgniter.php(802): CodeIgniter\Router\RouteCollection->loadRoutes()
 4 SYSTEMPATH/CodeIgniter.php(449): CodeIgniter\CodeIgniter->tryToRouteIt()
 5 SYSTEMPATH/CodeIgniter.php(368): CodeIgniter\CodeIgniter->handleRequest()
 6 FCPATH/index.php(67): CodeIgniter\CodeIgniter->run()
 7 SYSTEMPATH/Commands/Server/rewrite.php(47): require_once('/var/www/html/practise/appstarter/public/index.php')
CRITICAL - 2023-04-22 06:28:07 --> CodeIgniter\Router\RouteCollection::resource(): Argument #2 ($options) must be of type ?array, string given, called in /var/www/html/practise/appstarter/app/Config/Routes.php on line 36
in SYSTEMPATH/Router/RouteCollection.php on line 727.
 1 APPPATH/Config/Routes.php(36): CodeIgniter\Router\RouteCollection->resource()
 2 SYSTEMPATH/Router/RouteCollection.php(267): require('/var/www/html/practise/appstarter/app/Config/Routes.php')
 3 SYSTEMPATH/CodeIgniter.php(802): CodeIgniter\Router\RouteCollection->loadRoutes()
 4 SYSTEMPATH/CodeIgniter.php(449): CodeIgniter\CodeIgniter->tryToRouteIt()
 5 SYSTEMPATH/CodeIgniter.php(368): CodeIgniter\CodeIgniter->handleRequest()
 6 FCPATH/index.php(67): CodeIgniter\CodeIgniter->run()
 7 SYSTEMPATH/Commands/Server/rewrite.php(47): require_once('/var/www/html/practise/appstarter/public/index.php')
CRITICAL - 2023-04-22 06:28:13 --> CodeIgniter\Router\RouteCollection::resource(): Argument #2 ($options) must be of type ?array, string given, called in /var/www/html/practise/appstarter/app/Config/Routes.php on line 36
in SYSTEMPATH/Router/RouteCollection.php on line 727.
 1 APPPATH/Config/Routes.php(36): CodeIgniter\Router\RouteCollection->resource()
 2 SYSTEMPATH/Router/RouteCollection.php(267): require('/var/www/html/practise/appstarter/app/Config/Routes.php')
 3 SYSTEMPATH/CodeIgniter.php(802): CodeIgniter\Router\RouteCollection->loadRoutes()
 4 SYSTEMPATH/CodeIgniter.php(449): CodeIgniter\CodeIgniter->tryToRouteIt()
 5 SYSTEMPATH/CodeIgniter.php(368): CodeIgniter\CodeIgniter->handleRequest()
 6 FCPATH/index.php(67): CodeIgniter\CodeIgniter->run()
 7 SYSTEMPATH/Commands/Server/rewrite.php(47): require_once('/var/www/html/practise/appstarter/public/index.php')
CRITICAL - 2023-04-22 06:28:18 --> CodeIgniter\Router\RouteCollection::resource(): Argument #2 ($options) must be of type ?array, string given, called in /var/www/html/practise/appstarter/app/Config/Routes.php on line 36
in SYSTEMPATH/Router/RouteCollection.php on line 727.
 1 APPPATH/Config/Routes.php(36): CodeIgniter\Router\RouteCollection->resource()
 2 SYSTEMPATH/Router/RouteCollection.php(267): require('/var/www/html/practise/appstarter/app/Config/Routes.php')
 3 SYSTEMPATH/CodeIgniter.php(802): CodeIgniter\Router\RouteCollection->loadRoutes()
 4 SYSTEMPATH/CodeIgniter.php(449): CodeIgniter\CodeIgniter->tryToRouteIt()
 5 SYSTEMPATH/CodeIgniter.php(368): CodeIgniter\CodeIgniter->handleRequest()
 6 FCPATH/index.php(67): CodeIgniter\CodeIgniter->run()
 7 SYSTEMPATH/Commands/Server/rewrite.php(47): require_once('/var/www/html/practise/appstarter/public/index.php')
CRITICAL - 2023-04-22 06:30:35 --> CodeIgniter\Router\RouteCollection::resource(): Argument #2 ($options) must be of type ?array, string given, called in /var/www/html/practise/appstarter/app/Config/Routes.php on line 36
in SYSTEMPATH/Router/RouteCollection.php on line 727.
 1 APPPATH/Config/Routes.php(36): CodeIgniter\Router\RouteCollection->resource()
 2 SYSTEMPATH/Router/RouteCollection.php(267): require('/var/www/html/practise/appstarter/app/Config/Routes.php')
 3 SYSTEMPATH/CodeIgniter.php(802): CodeIgniter\Router\RouteCollection->loadRoutes()
 4 SYSTEMPATH/CodeIgniter.php(449): CodeIgniter\CodeIgniter->tryToRouteIt()
 5 SYSTEMPATH/CodeIgniter.php(368): CodeIgniter\CodeIgniter->handleRequest()
 6 FCPATH/index.php(67): CodeIgniter\CodeIgniter->run()
 7 SYSTEMPATH/Commands/Server/rewrite.php(47): require_once('/var/www/html/practise/appstarter/public/index.php')
CRITICAL - 2023-04-22 06:30:39 --> CodeIgniter\Router\RouteCollection::resource(): Argument #2 ($options) must be of type ?array, string given, called in /var/www/html/practise/appstarter/app/Config/Routes.php on line 36
in SYSTEMPATH/Router/RouteCollection.php on line 727.
 1 APPPATH/Config/Routes.php(36): CodeIgniter\Router\RouteCollection->resource()
 2 SYSTEMPATH/Router/RouteCollection.php(267): require('/var/www/html/practise/appstarter/app/Config/Routes.php')
 3 SYSTEMPATH/CodeIgniter.php(802): CodeIgniter\Router\RouteCollection->loadRoutes()
 4 SYSTEMPATH/CodeIgniter.php(449): CodeIgniter\CodeIgniter->tryToRouteIt()
 5 SYSTEMPATH/CodeIgniter.php(368): CodeIgniter\CodeIgniter->handleRequest()
 6 FCPATH/index.php(67): CodeIgniter\CodeIgniter->run()
 7 SYSTEMPATH/Commands/Server/rewrite.php(47): require_once('/var/www/html/practise/appstarter/public/index.php')
CRITICAL - 2023-04-22 06:30:43 --> CodeIgniter\Router\RouteCollection::resource(): Argument #2 ($options) must be of type ?array, string given, called in /var/www/html/practise/appstarter/app/Config/Routes.php on line 36
in SYSTEMPATH/Router/RouteCollection.php on line 727.
 1 APPPATH/Config/Routes.php(36): CodeIgniter\Router\RouteCollection->resource()
 2 SYSTEMPATH/Router/RouteCollection.php(267): require('/var/www/html/practise/appstarter/app/Config/Routes.php')
 3 SYSTEMPATH/CodeIgniter.php(802): CodeIgniter\Router\RouteCollection->loadRoutes()
 4 SYSTEMPATH/CodeIgniter.php(449): CodeIgniter\CodeIgniter->tryToRouteIt()
 5 SYSTEMPATH/CodeIgniter.php(368): CodeIgniter\CodeIgniter->handleRequest()
 6 FCPATH/index.php(67): CodeIgniter\CodeIgniter->run()
 7 SYSTEMPATH/Commands/Server/rewrite.php(47): require_once('/var/www/html/practise/appstarter/public/index.php')
CRITICAL - 2023-04-22 06:31:49 --> CodeIgniter\Router\RouteCollection::resource(): Argument #2 ($options) must be of type ?array, string given, called in /var/www/html/practise/appstarter/app/Config/Routes.php on line 36
in SYSTEMPATH/Router/RouteCollection.php on line 727.
 1 APPPATH/Config/Routes.php(36): CodeIgniter\Router\RouteCollection->resource()
 2 SYSTEMPATH/Router/RouteCollection.php(267): require('/var/www/html/practise/appstarter/app/Config/Routes.php')
 3 SYSTEMPATH/CodeIgniter.php(802): CodeIgniter\Router\RouteCollection->loadRoutes()
 4 SYSTEMPATH/CodeIgniter.php(449): CodeIgniter\CodeIgniter->tryToRouteIt()
 5 SYSTEMPATH/CodeIgniter.php(368): CodeIgniter\CodeIgniter->handleRequest()
 6 FCPATH/index.php(67): CodeIgniter\CodeIgniter->run()
 7 SYSTEMPATH/Commands/Server/rewrite.php(47): require_once('/var/www/html/practise/appstarter/public/index.php')
CRITICAL - 2023-04-22 07:16:08 --> Trying to access array offset on value of type null
in APPPATH/Controllers/Order.php on line 51.
 1 APPPATH/Controllers/Order.php(51): CodeIgniter\Debug\Exceptions->errorHandler()
 2 SYSTEMPATH/CodeIgniter.php(934): App\Controllers\Order->getAllData()
 3 SYSTEMPATH/CodeIgniter.php(499): CodeIgniter\CodeIgniter->runController()
 4 SYSTEMPATH/CodeIgniter.php(368): CodeIgniter\CodeIgniter->handleRequest()
 5 FCPATH/index.php(67): CodeIgniter\CodeIgniter->run()
 6 SYSTEMPATH/Commands/Server/rewrite.php(47): require_once('/var/www/html/practise/appstarter/public/index.php')
CRITICAL - 2023-04-22 07:16:33 --> Trying to access array offset on value of type null
in APPPATH/Controllers/Order.php on line 51.
 1 APPPATH/Controllers/Order.php(51): CodeIgniter\Debug\Exceptions->errorHandler()
 2 SYSTEMPATH/CodeIgniter.php(934): App\Controllers\Order->getAllData()
 3 SYSTEMPATH/CodeIgniter.php(499): CodeIgniter\CodeIgniter->runController()
 4 SYSTEMPATH/CodeIgniter.php(368): CodeIgniter\CodeIgniter->handleRequest()
 5 FCPATH/index.php(67): CodeIgniter\CodeIgniter->run()
 6 SYSTEMPATH/Commands/Server/rewrite.php(47): require_once('/var/www/html/practise/appstarter/public/index.php')
CRITICAL - 2023-04-22 07:19:08 --> Trying to access array offset on value of type null
in APPPATH/Controllers/Order.php on line 51.
 1 APPPATH/Controllers/Order.php(51): CodeIgniter\Debug\Exceptions->errorHandler()
 2 SYSTEMPATH/CodeIgniter.php(934): App\Controllers\Order->getAllData()
 3 SYSTEMPATH/CodeIgniter.php(499): CodeIgniter\CodeIgniter->runController()
 4 SYSTEMPATH/CodeIgniter.php(368): CodeIgniter\CodeIgniter->handleRequest()
 5 FCPATH/index.php(67): CodeIgniter\CodeIgniter->run()
 6 SYSTEMPATH/Commands/Server/rewrite.php(47): require_once('/var/www/html/practise/appstarter/public/index.php')
CRITICAL - 2023-04-22 07:29:02 --> Invalid file: "product_views.php"
in SYSTEMPATH/Exceptions/FrameworkException.php on line 33.
 1 SYSTEMPATH/View/View.php(201): CodeIgniter\Exceptions\FrameworkException::forInvalidFile()
 2 SYSTEMPATH/Common.php(1184): CodeIgniter\View\View->render()
 3 APPPATH/Controllers/Product.php(15): view()
 4 SYSTEMPATH/CodeIgniter.php(934): App\Controllers\Product->index()
 5 SYSTEMPATH/CodeIgniter.php(499): CodeIgniter\CodeIgniter->runController()
 6 SYSTEMPATH/CodeIgniter.php(368): CodeIgniter\CodeIgniter->handleRequest()
 7 FCPATH/index.php(67): CodeIgniter\CodeIgniter->run()
 8 SYSTEMPATH/Commands/Server/rewrite.php(47): require_once('/var/www/html/practise/appstarter/public/index.php')
CRITICAL - 2023-04-22 07:29:08 --> Invalid file: "product_views.php"
in SYSTEMPATH/Exceptions/FrameworkException.php on line 33.
 1 SYSTEMPATH/View/View.php(201): CodeIgniter\Exceptions\FrameworkException::forInvalidFile()
 2 SYSTEMPATH/Common.php(1184): CodeIgniter\View\View->render()
 3 APPPATH/Controllers/Product.php(15): view()
 4 SYSTEMPATH/CodeIgniter.php(934): App\Controllers\Product->index()
 5 SYSTEMPATH/CodeIgniter.php(499): CodeIgniter\CodeIgniter->runController()
 6 SYSTEMPATH/CodeIgniter.php(368): CodeIgniter\CodeIgniter->handleRequest()
 7 FCPATH/index.php(67): CodeIgniter\CodeIgniter->run()
 8 SYSTEMPATH/Commands/Server/rewrite.php(47): require_once('/var/www/html/practise/appstarter/public/index.php')
CRITICAL - 2023-04-22 07:31:29 --> Trying to access array offset on value of type null
in APPPATH/Controllers/Product.php on line 26.
 1 APPPATH/Controllers/Product.php(26): CodeIgniter\Debug\Exceptions->errorHandler()
 2 SYSTEMPATH/CodeIgniter.php(934): App\Controllers\Product->getAllData()
 3 SYSTEMPATH/CodeIgniter.php(499): CodeIgniter\CodeIgniter->runController()
 4 SYSTEMPATH/CodeIgniter.php(368): CodeIgniter\CodeIgniter->handleRequest()
 5 FCPATH/index.php(67): CodeIgniter\CodeIgniter->run()
 6 SYSTEMPATH/Commands/Server/rewrite.php(47): require_once('/var/www/html/practise/appstarter/public/index.php')
CRITICAL - 2023-04-22 07:36:00 --> Trying to access array offset on value of type null
in APPPATH/Controllers/Product.php on line 26.
 1 APPPATH/Controllers/Product.php(26): CodeIgniter\Debug\Exceptions->errorHandler()
 2 SYSTEMPATH/CodeIgniter.php(934): App\Controllers\Product->getAllData()
 3 SYSTEMPATH/CodeIgniter.php(499): CodeIgniter\CodeIgniter->runController()
 4 SYSTEMPATH/CodeIgniter.php(368): CodeIgniter\CodeIgniter->handleRequest()
 5 FCPATH/index.php(67): CodeIgniter\CodeIgniter->run()
 6 SYSTEMPATH/Commands/Server/rewrite.php(47): require_once('/var/www/html/practise/appstarter/public/index.php')
CRITICAL - 2023-04-22 09:39:24 --> Trying to access array offset on value of type null
in APPPATH/Controllers/Product.php on line 26.
 1 APPPATH/Controllers/Product.php(26): CodeIgniter\Debug\Exceptions->errorHandler()
 2 SYSTEMPATH/CodeIgniter.php(934): App\Controllers\Product->getAllData()
 3 SYSTEMPATH/CodeIgniter.php(499): CodeIgniter\CodeIgniter->runController()
 4 SYSTEMPATH/CodeIgniter.php(368): CodeIgniter\CodeIgniter->handleRequest()
 5 FCPATH/index.php(67): CodeIgniter\CodeIgniter->run()
 6 SYSTEMPATH/Commands/Server/rewrite.php(47): require_once('/var/www/html/practise/grocery/public/index.php')
CRITICAL - 2023-04-22 09:39:40 --> Trying to access array offset on value of type null
in APPPATH/Controllers/Product.php on line 26.
 1 APPPATH/Controllers/Product.php(26): CodeIgniter\Debug\Exceptions->errorHandler()
 2 SYSTEMPATH/CodeIgniter.php(934): App\Controllers\Product->getAllData()
 3 SYSTEMPATH/CodeIgniter.php(499): CodeIgniter\CodeIgniter->runController()
 4 SYSTEMPATH/CodeIgniter.php(368): CodeIgniter\CodeIgniter->handleRequest()
 5 FCPATH/index.php(67): CodeIgniter\CodeIgniter->run()
 6 SYSTEMPATH/Commands/Server/rewrite.php(47): require_once('/var/www/html/practise/grocery/public/index.php')
CRITICAL - 2023-04-22 09:40:08 --> Trying to access array offset on value of type null
in APPPATH/Controllers/Product.php on line 26.
 1 APPPATH/Controllers/Product.php(26): CodeIgniter\Debug\Exceptions->errorHandler()
 2 SYSTEMPATH/CodeIgniter.php(934): App\Controllers\Product->getAllData()
 3 SYSTEMPATH/CodeIgniter.php(499): CodeIgniter\CodeIgniter->runController()
 4 SYSTEMPATH/CodeIgniter.php(368): CodeIgniter\CodeIgniter->handleRequest()
 5 FCPATH/index.php(67): CodeIgniter\CodeIgniter->run()
 6 SYSTEMPATH/Commands/Server/rewrite.php(47): require_once('/var/www/html/practise/grocery/public/index.php')
CRITICAL - 2023-04-22 09:47:24 --> Trying to access array offset on value of type null
in APPPATH/Controllers/Product.php on line 26.
 1 APPPATH/Controllers/Product.php(26): CodeIgniter\Debug\Exceptions->errorHandler()
 2 SYSTEMPATH/CodeIgniter.php(934): App\Controllers\Product->getAllData()
 3 SYSTEMPATH/CodeIgniter.php(499): CodeIgniter\CodeIgniter->runController()
 4 SYSTEMPATH/CodeIgniter.php(368): CodeIgniter\CodeIgniter->handleRequest()
 5 FCPATH/index.php(67): CodeIgniter\CodeIgniter->run()
 6 SYSTEMPATH/Commands/Server/rewrite.php(47): require_once('/var/www/html/practise/grocery/public/index.php')
CRITICAL - 2023-04-22 09:49:19 --> Trying to access array offset on value of type null
in APPPATH/Controllers/Product.php on line 26.
 1 APPPATH/Controllers/Product.php(26): CodeIgniter\Debug\Exceptions->errorHandler()
 2 SYSTEMPATH/CodeIgniter.php(934): App\Controllers\Product->getAllData()
 3 SYSTEMPATH/CodeIgniter.php(499): CodeIgniter\CodeIgniter->runController()
 4 SYSTEMPATH/CodeIgniter.php(368): CodeIgniter\CodeIgniter->handleRequest()
 5 FCPATH/index.php(67): CodeIgniter\CodeIgniter->run()
 6 SYSTEMPATH/Commands/Server/rewrite.php(47): require_once('/var/www/html/practise/grocery/public/index.php')
CRITICAL - 2023-04-22 09:50:25 --> Trying to access array offset on value of type null
in APPPATH/Controllers/Product.php on line 26.
 1 APPPATH/Controllers/Product.php(26): CodeIgniter\Debug\Exceptions->errorHandler()
 2 SYSTEMPATH/CodeIgniter.php(934): App\Controllers\Product->getAllData()
 3 SYSTEMPATH/CodeIgniter.php(499): CodeIgniter\CodeIgniter->runController()
 4 SYSTEMPATH/CodeIgniter.php(368): CodeIgniter\CodeIgniter->handleRequest()
 5 FCPATH/index.php(67): CodeIgniter\CodeIgniter->run()
 6 SYSTEMPATH/Commands/Server/rewrite.php(47): require_once('/var/www/html/practise/grocery/public/index.php')
CRITICAL - 2023-04-22 09:51:36 --> Trying to access array offset on value of type null
in APPPATH/Controllers/Product.php on line 26.
 1 APPPATH/Controllers/Product.php(26): CodeIgniter\Debug\Exceptions->errorHandler()
 2 SYSTEMPATH/CodeIgniter.php(934): App\Controllers\Product->getAllData()
 3 SYSTEMPATH/CodeIgniter.php(499): CodeIgniter\CodeIgniter->runController()
 4 SYSTEMPATH/CodeIgniter.php(368): CodeIgniter\CodeIgniter->handleRequest()
 5 FCPATH/index.php(67): CodeIgniter\CodeIgniter->run()
 6 SYSTEMPATH/Commands/Server/rewrite.php(47): require_once('/var/www/html/practise/grocery/public/index.php')
CRITICAL - 2023-04-22 14:01:53 --> Trying to access array offset on value of type null
in APPPATH/Controllers/Product.php on line 26.
 1 APPPATH/Controllers/Product.php(26): CodeIgniter\Debug\Exceptions->errorHandler()
 2 SYSTEMPATH/CodeIgniter.php(934): App\Controllers\Product->getAllData()
 3 SYSTEMPATH/CodeIgniter.php(499): CodeIgniter\CodeIgniter->runController()
 4 SYSTEMPATH/CodeIgniter.php(368): CodeIgniter\CodeIgniter->handleRequest()
 5 FCPATH/index.php(67): CodeIgniter\CodeIgniter->run()
 6 SYSTEMPATH/Commands/Server/rewrite.php(47): require_once('/var/www/html/practise/grocery/public/index.php')
CRITICAL - 2023-04-22 14:02:27 --> Trying to access array offset on value of type null
in APPPATH/Controllers/Product.php on line 26.
 1 APPPATH/Controllers/Product.php(26): CodeIgniter\Debug\Exceptions->errorHandler()
 2 SYSTEMPATH/CodeIgniter.php(934): App\Controllers\Product->getAllData()
 3 SYSTEMPATH/CodeIgniter.php(499): CodeIgniter\CodeIgniter->runController()
 4 SYSTEMPATH/CodeIgniter.php(368): CodeIgniter\CodeIgniter->handleRequest()
 5 FCPATH/index.php(67): CodeIgniter\CodeIgniter->run()
 6 SYSTEMPATH/Commands/Server/rewrite.php(47): require_once('/var/www/html/practise/grocery/public/index.php')
CRITICAL - 2023-04-22 14:04:57 --> Trying to access array offset on value of type null
in APPPATH/Controllers/Product.php on line 26.
 1 APPPATH/Controllers/Product.php(26): CodeIgniter\Debug\Exceptions->errorHandler()
 2 SYSTEMPATH/CodeIgniter.php(934): App\Controllers\Product->getAllData()
 3 SYSTEMPATH/CodeIgniter.php(499): CodeIgniter\CodeIgniter->runController()
 4 SYSTEMPATH/CodeIgniter.php(368): CodeIgniter\CodeIgniter->handleRequest()
 5 FCPATH/index.php(67): CodeIgniter\CodeIgniter->run()
 6 SYSTEMPATH/Commands/Server/rewrite.php(47): require_once('/var/www/html/practise/grocery/public/index.php')
CRITICAL - 2023-04-22 14:06:30 --> Trying to access array offset on value of type null
in APPPATH/Controllers/Product.php on line 26.
 1 APPPATH/Controllers/Product.php(26): CodeIgniter\Debug\Exceptions->errorHandler()
 2 SYSTEMPATH/CodeIgniter.php(934): App\Controllers\Product->getAllData()
 3 SYSTEMPATH/CodeIgniter.php(499): CodeIgniter\CodeIgniter->runController()
 4 SYSTEMPATH/CodeIgniter.php(368): CodeIgniter\CodeIgniter->handleRequest()
 5 FCPATH/index.php(67): CodeIgniter\CodeIgniter->run()
 6 SYSTEMPATH/Commands/Server/rewrite.php(47): require_once('/var/www/html/practise/grocery/public/index.php')
CRITICAL - 2023-04-22 14:06:38 --> Trying to access array offset on value of type null
in APPPATH/Controllers/Product.php on line 26.
 1 APPPATH/Controllers/Product.php(26): CodeIgniter\Debug\Exceptions->errorHandler()
 2 SYSTEMPATH/CodeIgniter.php(934): App\Controllers\Product->getAllData()
 3 SYSTEMPATH/CodeIgniter.php(499): CodeIgniter\CodeIgniter->runController()
 4 SYSTEMPATH/CodeIgniter.php(368): CodeIgniter\CodeIgniter->handleRequest()
 5 FCPATH/index.php(67): CodeIgniter\CodeIgniter->run()
 6 SYSTEMPATH/Commands/Server/rewrite.php(47): require_once('/var/www/html/practise/grocery/public/index.php')
CRITICAL - 2023-04-22 14:09:03 --> Trying to access array offset on value of type null
in APPPATH/Controllers/Product.php on line 26.
 1 APPPATH/Controllers/Product.php(26): CodeIgniter\Debug\Exceptions->errorHandler()
 2 SYSTEMPATH/CodeIgniter.php(934): App\Controllers\Product->getAllData()
 3 SYSTEMPATH/CodeIgniter.php(499): CodeIgniter\CodeIgniter->runController()
 4 SYSTEMPATH/CodeIgniter.php(368): CodeIgniter\CodeIgniter->handleRequest()
 5 FCPATH/index.php(67): CodeIgniter\CodeIgniter->run()
 6 SYSTEMPATH/Commands/Server/rewrite.php(47): require_once('/var/www/html/practise/grocery/public/index.php')
ERROR - 2023-04-22 14:16:35 --> mysqli_sql_exception: Expression #1 of SELECT list is not in GROUP BY clause and contains nonaggregated column 'magent.news.id' which is not functionally dependent on columns in GROUP BY clause; this is incompatible with sql_mode=only_full_group_by in /var/www/html/practise/grocery/vendor/codeigniter4/framework/system/Database/MySQLi/Connection.php:295
Stack trace:
#0 /var/www/html/practise/grocery/vendor/codeigniter4/framework/system/Database/MySQLi/Connection.php(295): mysqli->query()
#1 /var/www/html/practise/grocery/vendor/codeigniter4/framework/system/Database/BaseConnection.php(691): CodeIgniter\Database\MySQLi\Connection->execute()
#2 /var/www/html/practise/grocery/vendor/codeigniter4/framework/system/Database/BaseConnection.php(605): CodeIgniter\Database\BaseConnection->simpleQuery()
#3 /var/www/html/practise/grocery/app/Controllers/Product.php(36): CodeIgniter\Database\BaseConnection->query()
#4 /var/www/html/practise/grocery/vendor/codeigniter4/framework/system/CodeIgniter.php(934): App\Controllers\Product->getAllData()
#5 /var/www/html/practise/grocery/vendor/codeigniter4/framework/system/CodeIgniter.php(499): CodeIgniter\CodeIgniter->runController()
#6 /var/www/html/practise/grocery/vendor/codeigniter4/framework/system/CodeIgniter.php(368): CodeIgniter\CodeIgniter->handleRequest()
#7 /var/www/html/practise/grocery/public/index.php(67): CodeIgniter\CodeIgniter->run()
#8 /var/www/html/practise/grocery/vendor/codeigniter4/framework/system/Commands/Server/rewrite.php(47): require_once('...')
#9 {main}
CRITICAL - 2023-04-22 14:16:35 --> Expression #1 of SELECT list is not in GROUP BY clause and contains nonaggregated column 'magent.news.id' which is not functionally dependent on columns in GROUP BY clause; this is incompatible with sql_mode=only_full_group_by
in SYSTEMPATH/Database/MySQLi/Connection.php on line 295.
 1 SYSTEMPATH/Database/MySQLi/Connection.php(295): mysqli->query()
 2 SYSTEMPATH/Database/BaseConnection.php(691): CodeIgniter\Database\MySQLi\Connection->execute()
 3 SYSTEMPATH/Database/BaseConnection.php(605): CodeIgniter\Database\BaseConnection->simpleQuery()
 4 APPPATH/Controllers/Product.php(36): CodeIgniter\Database\BaseConnection->query()
 5 SYSTEMPATH/CodeIgniter.php(934): App\Controllers\Product->getAllData()
 6 SYSTEMPATH/CodeIgniter.php(499): CodeIgniter\CodeIgniter->runController()
 7 SYSTEMPATH/CodeIgniter.php(368): CodeIgniter\CodeIgniter->handleRequest()
 8 FCPATH/index.php(67): CodeIgniter\CodeIgniter->run()
 9 SYSTEMPATH/Commands/Server/rewrite.php(47): require_once('/var/www/html/practise/grocery/public/index.php')
ERROR - 2023-04-22 14:17:35 --> mysqli_sql_exception: Expression #1 of SELECT list is not in GROUP BY clause and contains nonaggregated column 'magent.news.id' which is not functionally dependent on columns in GROUP BY clause; this is incompatible with sql_mode=only_full_group_by in /var/www/html/practise/grocery/vendor/codeigniter4/framework/system/Database/MySQLi/Connection.php:295
Stack trace:
#0 /var/www/html/practise/grocery/vendor/codeigniter4/framework/system/Database/MySQLi/Connection.php(295): mysqli->query()
#1 /var/www/html/practise/grocery/vendor/codeigniter4/framework/system/Database/BaseConnection.php(691): CodeIgniter\Database\MySQLi\Connection->execute()
#2 /var/www/html/practise/grocery/vendor/codeigniter4/framework/system/Database/BaseConnection.php(605): CodeIgniter\Database\BaseConnection->simpleQuery()
#3 /var/www/html/practise/grocery/app/Controllers/Product.php(36): CodeIgniter\Database\BaseConnection->query()
#4 /var/www/html/practise/grocery/vendor/codeigniter4/framework/system/CodeIgniter.php(934): App\Controllers\Product->getAllData()
#5 /var/www/html/practise/grocery/vendor/codeigniter4/framework/system/CodeIgniter.php(499): CodeIgniter\CodeIgniter->runController()
#6 /var/www/html/practise/grocery/vendor/codeigniter4/framework/system/CodeIgniter.php(368): CodeIgniter\CodeIgniter->handleRequest()
#7 /var/www/html/practise/grocery/public/index.php(67): CodeIgniter\CodeIgniter->run()
#8 /var/www/html/practise/grocery/vendor/codeigniter4/framework/system/Commands/Server/rewrite.php(47): require_once('...')
#9 {main}
CRITICAL - 2023-04-22 14:17:35 --> Expression #1 of SELECT list is not in GROUP BY clause and contains nonaggregated column 'magent.news.id' which is not functionally dependent on columns in GROUP BY clause; this is incompatible with sql_mode=only_full_group_by
in SYSTEMPATH/Database/MySQLi/Connection.php on line 295.
 1 SYSTEMPATH/Database/MySQLi/Connection.php(295): mysqli->query()
 2 SYSTEMPATH/Database/BaseConnection.php(691): CodeIgniter\Database\MySQLi\Connection->execute()
 3 SYSTEMPATH/Database/BaseConnection.php(605): CodeIgniter\Database\BaseConnection->simpleQuery()
 4 APPPATH/Controllers/Product.php(36): CodeIgniter\Database\BaseConnection->query()
 5 SYSTEMPATH/CodeIgniter.php(934): App\Controllers\Product->getAllData()
 6 SYSTEMPATH/CodeIgniter.php(499): CodeIgniter\CodeIgniter->runController()
 7 SYSTEMPATH/CodeIgniter.php(368): CodeIgniter\CodeIgniter->handleRequest()
 8 FCPATH/index.php(67): CodeIgniter\CodeIgniter->run()
 9 SYSTEMPATH/Commands/Server/rewrite.php(47): require_once('/var/www/html/practise/grocery/public/index.php')
ERROR - 2023-04-22 14:17:45 --> mysqli_sql_exception: Expression #1 of SELECT list is not in GROUP BY clause and contains nonaggregated column 'magent.news.id' which is not functionally dependent on columns in GROUP BY clause; this is incompatible with sql_mode=only_full_group_by in /var/www/html/practise/grocery/vendor/codeigniter4/framework/system/Database/MySQLi/Connection.php:295
Stack trace:
#0 /var/www/html/practise/grocery/vendor/codeigniter4/framework/system/Database/MySQLi/Connection.php(295): mysqli->query()
#1 /var/www/html/practise/grocery/vendor/codeigniter4/framework/system/Database/BaseConnection.php(691): CodeIgniter\Database\MySQLi\Connection->execute()
#2 /var/www/html/practise/grocery/vendor/codeigniter4/framework/system/Database/BaseConnection.php(605): CodeIgniter\Database\BaseConnection->simpleQuery()
#3 /var/www/html/practise/grocery/app/Controllers/Product.php(36): CodeIgniter\Database\BaseConnection->query()
#4 /var/www/html/practise/grocery/vendor/codeigniter4/framework/system/CodeIgniter.php(934): App\Controllers\Product->getAllData()
#5 /var/www/html/practise/grocery/vendor/codeigniter4/framework/system/CodeIgniter.php(499): CodeIgniter\CodeIgniter->runController()
#6 /var/www/html/practise/grocery/vendor/codeigniter4/framework/system/CodeIgniter.php(368): CodeIgniter\CodeIgniter->handleRequest()
#7 /var/www/html/practise/grocery/public/index.php(67): CodeIgniter\CodeIgniter->run()
#8 /var/www/html/practise/grocery/vendor/codeigniter4/framework/system/Commands/Server/rewrite.php(47): require_once('...')
#9 {main}
CRITICAL - 2023-04-22 14:17:45 --> Expression #1 of SELECT list is not in GROUP BY clause and contains nonaggregated column 'magent.news.id' which is not functionally dependent on columns in GROUP BY clause; this is incompatible with sql_mode=only_full_group_by
in SYSTEMPATH/Database/MySQLi/Connection.php on line 295.
 1 SYSTEMPATH/Database/MySQLi/Connection.php(295): mysqli->query()
 2 SYSTEMPATH/Database/BaseConnection.php(691): CodeIgniter\Database\MySQLi\Connection->execute()
 3 SYSTEMPATH/Database/BaseConnection.php(605): CodeIgniter\Database\BaseConnection->simpleQuery()
 4 APPPATH/Controllers/Product.php(36): CodeIgniter\Database\BaseConnection->query()
 5 SYSTEMPATH/CodeIgniter.php(934): App\Controllers\Product->getAllData()
 6 SYSTEMPATH/CodeIgniter.php(499): CodeIgniter\CodeIgniter->runController()
 7 SYSTEMPATH/CodeIgniter.php(368): CodeIgniter\CodeIgniter->handleRequest()
 8 FCPATH/index.php(67): CodeIgniter\CodeIgniter->run()
 9 SYSTEMPATH/Commands/Server/rewrite.php(47): require_once('/var/www/html/practise/grocery/public/index.php')
ERROR - 2023-04-22 14:18:45 --> mysqli_sql_exception: Expression #1 of SELECT list is not in GROUP BY clause and contains nonaggregated column 'magent.news.id' which is not functionally dependent on columns in GROUP BY clause; this is incompatible with sql_mode=only_full_group_by in /var/www/html/practise/grocery/vendor/codeigniter4/framework/system/Database/MySQLi/Connection.php:295
Stack trace:
#0 /var/www/html/practise/grocery/vendor/codeigniter4/framework/system/Database/MySQLi/Connection.php(295): mysqli->query()
#1 /var/www/html/practise/grocery/vendor/codeigniter4/framework/system/Database/BaseConnection.php(691): CodeIgniter\Database\MySQLi\Connection->execute()
#2 /var/www/html/practise/grocery/vendor/codeigniter4/framework/system/Database/BaseConnection.php(605): CodeIgniter\Database\BaseConnection->simpleQuery()
#3 /var/www/html/practise/grocery/app/Controllers/Product.php(36): CodeIgniter\Database\BaseConnection->query()
#4 /var/www/html/practise/grocery/vendor/codeigniter4/framework/system/CodeIgniter.php(934): App\Controllers\Product->getAllData()
#5 /var/www/html/practise/grocery/vendor/codeigniter4/framework/system/CodeIgniter.php(499): CodeIgniter\CodeIgniter->runController()
#6 /var/www/html/practise/grocery/vendor/codeigniter4/framework/system/CodeIgniter.php(368): CodeIgniter\CodeIgniter->handleRequest()
#7 /var/www/html/practise/grocery/public/index.php(67): CodeIgniter\CodeIgniter->run()
#8 /var/www/html/practise/grocery/vendor/codeigniter4/framework/system/Commands/Server/rewrite.php(47): require_once('...')
#9 {main}
CRITICAL - 2023-04-22 14:18:45 --> Expression #1 of SELECT list is not in GROUP BY clause and contains nonaggregated column 'magent.news.id' which is not functionally dependent on columns in GROUP BY clause; this is incompatible with sql_mode=only_full_group_by
in SYSTEMPATH/Database/MySQLi/Connection.php on line 295.
 1 SYSTEMPATH/Database/MySQLi/Connection.php(295): mysqli->query()
 2 SYSTEMPATH/Database/BaseConnection.php(691): CodeIgniter\Database\MySQLi\Connection->execute()
 3 SYSTEMPATH/Database/BaseConnection.php(605): CodeIgniter\Database\BaseConnection->simpleQuery()
 4 APPPATH/Controllers/Product.php(36): CodeIgniter\Database\BaseConnection->query()
 5 SYSTEMPATH/CodeIgniter.php(934): App\Controllers\Product->getAllData()
 6 SYSTEMPATH/CodeIgniter.php(499): CodeIgniter\CodeIgniter->runController()
 7 SYSTEMPATH/CodeIgniter.php(368): CodeIgniter\CodeIgniter->handleRequest()
 8 FCPATH/index.php(67): CodeIgniter\CodeIgniter->run()
 9 SYSTEMPATH/Commands/Server/rewrite.php(47): require_once('/var/www/html/practise/grocery/public/index.php')
ERROR - 2023-04-22 14:20:11 --> mysqli_sql_exception: Expression #1 of SELECT list is not in GROUP BY clause and contains nonaggregated column 'magent.news.id' which is not functionally dependent on columns in GROUP BY clause; this is incompatible with sql_mode=only_full_group_by in /var/www/html/practise/grocery/vendor/codeigniter4/framework/system/Database/MySQLi/Connection.php:295
Stack trace:
#0 /var/www/html/practise/grocery/vendor/codeigniter4/framework/system/Database/MySQLi/Connection.php(295): mysqli->query()
#1 /var/www/html/practise/grocery/vendor/codeigniter4/framework/system/Database/BaseConnection.php(691): CodeIgniter\Database\MySQLi\Connection->execute()
#2 /var/www/html/practise/grocery/vendor/codeigniter4/framework/system/Database/BaseConnection.php(605): CodeIgniter\Database\BaseConnection->simpleQuery()
#3 /var/www/html/practise/grocery/app/Controllers/Product.php(37): CodeIgniter\Database\BaseConnection->query()
#4 /var/www/html/practise/grocery/vendor/codeigniter4/framework/system/CodeIgniter.php(934): App\Controllers\Product->getAllData()
#5 /var/www/html/practise/grocery/vendor/codeigniter4/framework/system/CodeIgniter.php(499): CodeIgniter\CodeIgniter->runController()
#6 /var/www/html/practise/grocery/vendor/codeigniter4/framework/system/CodeIgniter.php(368): CodeIgniter\CodeIgniter->handleRequest()
#7 /var/www/html/practise/grocery/public/index.php(67): CodeIgniter\CodeIgniter->run()
#8 /var/www/html/practise/grocery/vendor/codeigniter4/framework/system/Commands/Server/rewrite.php(47): require_once('...')
#9 {main}
CRITICAL - 2023-04-22 14:20:11 --> Expression #1 of SELECT list is not in GROUP BY clause and contains nonaggregated column 'magent.news.id' which is not functionally dependent on columns in GROUP BY clause; this is incompatible with sql_mode=only_full_group_by
in SYSTEMPATH/Database/MySQLi/Connection.php on line 295.
 1 SYSTEMPATH/Database/MySQLi/Connection.php(295): mysqli->query()
 2 SYSTEMPATH/Database/BaseConnection.php(691): CodeIgniter\Database\MySQLi\Connection->execute()
 3 SYSTEMPATH/Database/BaseConnection.php(605): CodeIgniter\Database\BaseConnection->simpleQuery()
 4 APPPATH/Controllers/Product.php(37): CodeIgniter\Database\BaseConnection->query()
 5 SYSTEMPATH/CodeIgniter.php(934): App\Controllers\Product->getAllData()
 6 SYSTEMPATH/CodeIgniter.php(499): CodeIgniter\CodeIgniter->runController()
 7 SYSTEMPATH/CodeIgniter.php(368): CodeIgniter\CodeIgniter->handleRequest()
 8 FCPATH/index.php(67): CodeIgniter\CodeIgniter->run()
 9 SYSTEMPATH/Commands/Server/rewrite.php(47): require_once('/var/www/html/practise/grocery/public/index.php')
ERROR - 2023-04-22 14:20:22 --> mysqli_sql_exception: Expression #1 of SELECT list is not in GROUP BY clause and contains nonaggregated column 'magent.news.id' which is not functionally dependent on columns in GROUP BY clause; this is incompatible with sql_mode=only_full_group_by in /var/www/html/practise/grocery/vendor/codeigniter4/framework/system/Database/MySQLi/Connection.php:295
Stack trace:
#0 /var/www/html/practise/grocery/vendor/codeigniter4/framework/system/Database/MySQLi/Connection.php(295): mysqli->query()
#1 /var/www/html/practise/grocery/vendor/codeigniter4/framework/system/Database/BaseConnection.php(691): CodeIgniter\Database\MySQLi\Connection->execute()
#2 /var/www/html/practise/grocery/vendor/codeigniter4/framework/system/Database/BaseConnection.php(605): CodeIgniter\Database\BaseConnection->simpleQuery()
#3 /var/www/html/practise/grocery/app/Controllers/Product.php(37): CodeIgniter\Database\BaseConnection->query()
#4 /var/www/html/practise/grocery/vendor/codeigniter4/framework/system/CodeIgniter.php(934): App\Controllers\Product->getAllData()
#5 /var/www/html/practise/grocery/vendor/codeigniter4/framework/system/CodeIgniter.php(499): CodeIgniter\CodeIgniter->runController()
#6 /var/www/html/practise/grocery/vendor/codeigniter4/framework/system/CodeIgniter.php(368): CodeIgniter\CodeIgniter->handleRequest()
#7 /var/www/html/practise/grocery/public/index.php(67): CodeIgniter\CodeIgniter->run()
#8 /var/www/html/practise/grocery/vendor/codeigniter4/framework/system/Commands/Server/rewrite.php(47): require_once('...')
#9 {main}
CRITICAL - 2023-04-22 14:20:22 --> Expression #1 of SELECT list is not in GROUP BY clause and contains nonaggregated column 'magent.news.id' which is not functionally dependent on columns in GROUP BY clause; this is incompatible with sql_mode=only_full_group_by
in SYSTEMPATH/Database/MySQLi/Connection.php on line 295.
 1 SYSTEMPATH/Database/MySQLi/Connection.php(295): mysqli->query()
 2 SYSTEMPATH/Database/BaseConnection.php(691): CodeIgniter\Database\MySQLi\Connection->execute()
 3 SYSTEMPATH/Database/BaseConnection.php(605): CodeIgniter\Database\BaseConnection->simpleQuery()
 4 APPPATH/Controllers/Product.php(37): CodeIgniter\Database\BaseConnection->query()
 5 SYSTEMPATH/CodeIgniter.php(934): App\Controllers\Product->getAllData()
 6 SYSTEMPATH/CodeIgniter.php(499): CodeIgniter\CodeIgniter->runController()
 7 SYSTEMPATH/CodeIgniter.php(368): CodeIgniter\CodeIgniter->handleRequest()
 8 FCPATH/index.php(67): CodeIgniter\CodeIgniter->run()
 9 SYSTEMPATH/Commands/Server/rewrite.php(47): require_once('/var/www/html/practise/grocery/public/index.php')
ERROR - 2023-04-22 14:20:35 --> mysqli_sql_exception: Expression #1 of SELECT list is not in GROUP BY clause and contains nonaggregated column 'magent.news.id' which is not functionally dependent on columns in GROUP BY clause; this is incompatible with sql_mode=only_full_group_by in /var/www/html/practise/grocery/vendor/codeigniter4/framework/system/Database/MySQLi/Connection.php:295
Stack trace:
#0 /var/www/html/practise/grocery/vendor/codeigniter4/framework/system/Database/MySQLi/Connection.php(295): mysqli->query()
#1 /var/www/html/practise/grocery/vendor/codeigniter4/framework/system/Database/BaseConnection.php(691): CodeIgniter\Database\MySQLi\Connection->execute()
#2 /var/www/html/practise/grocery/vendor/codeigniter4/framework/system/Database/BaseConnection.php(605): CodeIgniter\Database\BaseConnection->simpleQuery()
#3 /var/www/html/practise/grocery/app/Controllers/Product.php(37): CodeIgniter\Database\BaseConnection->query()
#4 /var/www/html/practise/grocery/vendor/codeigniter4/framework/system/CodeIgniter.php(934): App\Controllers\Product->getAllData()
#5 /var/www/html/practise/grocery/vendor/codeigniter4/framework/system/CodeIgniter.php(499): CodeIgniter\CodeIgniter->runController()
#6 /var/www/html/practise/grocery/vendor/codeigniter4/framework/system/CodeIgniter.php(368): CodeIgniter\CodeIgniter->handleRequest()
#7 /var/www/html/practise/grocery/public/index.php(67): CodeIgniter\CodeIgniter->run()
#8 /var/www/html/practise/grocery/vendor/codeigniter4/framework/system/Commands/Server/rewrite.php(47): require_once('...')
#9 {main}
CRITICAL - 2023-04-22 14:20:35 --> Expression #1 of SELECT list is not in GROUP BY clause and contains nonaggregated column 'magent.news.id' which is not functionally dependent on columns in GROUP BY clause; this is incompatible with sql_mode=only_full_group_by
in SYSTEMPATH/Database/MySQLi/Connection.php on line 295.
 1 SYSTEMPATH/Database/MySQLi/Connection.php(295): mysqli->query()
 2 SYSTEMPATH/Database/BaseConnection.php(691): CodeIgniter\Database\MySQLi\Connection->execute()
 3 SYSTEMPATH/Database/BaseConnection.php(605): CodeIgniter\Database\BaseConnection->simpleQuery()
 4 APPPATH/Controllers/Product.php(37): CodeIgniter\Database\BaseConnection->query()
 5 SYSTEMPATH/CodeIgniter.php(934): App\Controllers\Product->getAllData()
 6 SYSTEMPATH/CodeIgniter.php(499): CodeIgniter\CodeIgniter->runController()
 7 SYSTEMPATH/CodeIgniter.php(368): CodeIgniter\CodeIgniter->handleRequest()
 8 FCPATH/index.php(67): CodeIgniter\CodeIgniter->run()
 9 SYSTEMPATH/Commands/Server/rewrite.php(47): require_once('/var/www/html/practise/grocery/public/index.php')
ERROR - 2023-04-22 14:20:51 --> mysqli_sql_exception: Expression #1 of SELECT list is not in GROUP BY clause and contains nonaggregated column 'magent.news.id' which is not functionally dependent on columns in GROUP BY clause; this is incompatible with sql_mode=only_full_group_by in /var/www/html/practise/grocery/vendor/codeigniter4/framework/system/Database/MySQLi/Connection.php:295
Stack trace:
#0 /var/www/html/practise/grocery/vendor/codeigniter4/framework/system/Database/MySQLi/Connection.php(295): mysqli->query()
#1 /var/www/html/practise/grocery/vendor/codeigniter4/framework/system/Database/BaseConnection.php(691): CodeIgniter\Database\MySQLi\Connection->execute()
#2 /var/www/html/practise/grocery/vendor/codeigniter4/framework/system/Database/BaseConnection.php(605): CodeIgniter\Database\BaseConnection->simpleQuery()
#3 /var/www/html/practise/grocery/app/Controllers/Product.php(37): CodeIgniter\Database\BaseConnection->query()
#4 /var/www/html/practise/grocery/vendor/codeigniter4/framework/system/CodeIgniter.php(934): App\Controllers\Product->getAllData()
#5 /var/www/html/practise/grocery/vendor/codeigniter4/framework/system/CodeIgniter.php(499): CodeIgniter\CodeIgniter->runController()
#6 /var/www/html/practise/grocery/vendor/codeigniter4/framework/system/CodeIgniter.php(368): CodeIgniter\CodeIgniter->handleRequest()
#7 /var/www/html/practise/grocery/public/index.php(67): CodeIgniter\CodeIgniter->run()
#8 /var/www/html/practise/grocery/vendor/codeigniter4/framework/system/Commands/Server/rewrite.php(47): require_once('...')
#9 {main}
CRITICAL - 2023-04-22 14:20:51 --> Expression #1 of SELECT list is not in GROUP BY clause and contains nonaggregated column 'magent.news.id' which is not functionally dependent on columns in GROUP BY clause; this is incompatible with sql_mode=only_full_group_by
in SYSTEMPATH/Database/MySQLi/Connection.php on line 295.
 1 SYSTEMPATH/Database/MySQLi/Connection.php(295): mysqli->query()
 2 SYSTEMPATH/Database/BaseConnection.php(691): CodeIgniter\Database\MySQLi\Connection->execute()
 3 SYSTEMPATH/Database/BaseConnection.php(605): CodeIgniter\Database\BaseConnection->simpleQuery()
 4 APPPATH/Controllers/Product.php(37): CodeIgniter\Database\BaseConnection->query()
 5 SYSTEMPATH/CodeIgniter.php(934): App\Controllers\Product->getAllData()
 6 SYSTEMPATH/CodeIgniter.php(499): CodeIgniter\CodeIgniter->runController()
 7 SYSTEMPATH/CodeIgniter.php(368): CodeIgniter\CodeIgniter->handleRequest()
 8 FCPATH/index.php(67): CodeIgniter\CodeIgniter->run()
 9 SYSTEMPATH/Commands/Server/rewrite.php(47): require_once('/var/www/html/practise/grocery/public/index.php')
ERROR - 2023-04-22 14:21:34 --> mysqli_sql_exception: Expression #1 of SELECT list is not in GROUP BY clause and contains nonaggregated column 'magent.news.id' which is not functionally dependent on columns in GROUP BY clause; this is incompatible with sql_mode=only_full_group_by in /var/www/html/practise/grocery/vendor/codeigniter4/framework/system/Database/MySQLi/Connection.php:295
Stack trace:
#0 /var/www/html/practise/grocery/vendor/codeigniter4/framework/system/Database/MySQLi/Connection.php(295): mysqli->query()
#1 /var/www/html/practise/grocery/vendor/codeigniter4/framework/system/Database/BaseConnection.php(691): CodeIgniter\Database\MySQLi\Connection->execute()
#2 /var/www/html/practise/grocery/vendor/codeigniter4/framework/system/Database/BaseConnection.php(605): CodeIgniter\Database\BaseConnection->simpleQuery()
#3 /var/www/html/practise/grocery/app/Controllers/Product.php(37): CodeIgniter\Database\BaseConnection->query()
#4 /var/www/html/practise/grocery/vendor/codeigniter4/framework/system/CodeIgniter.php(934): App\Controllers\Product->getAllData()
#5 /var/www/html/practise/grocery/vendor/codeigniter4/framework/system/CodeIgniter.php(499): CodeIgniter\CodeIgniter->runController()
#6 /var/www/html/practise/grocery/vendor/codeigniter4/framework/system/CodeIgniter.php(368): CodeIgniter\CodeIgniter->handleRequest()
#7 /var/www/html/practise/grocery/public/index.php(67): CodeIgniter\CodeIgniter->run()
#8 /var/www/html/practise/grocery/vendor/codeigniter4/framework/system/Commands/Server/rewrite.php(47): require_once('...')
#9 {main}
CRITICAL - 2023-04-22 14:21:34 --> Expression #1 of SELECT list is not in GROUP BY clause and contains nonaggregated column 'magent.news.id' which is not functionally dependent on columns in GROUP BY clause; this is incompatible with sql_mode=only_full_group_by
in SYSTEMPATH/Database/MySQLi/Connection.php on line 295.
 1 SYSTEMPATH/Database/MySQLi/Connection.php(295): mysqli->query()
 2 SYSTEMPATH/Database/BaseConnection.php(691): CodeIgniter\Database\MySQLi\Connection->execute()
 3 SYSTEMPATH/Database/BaseConnection.php(605): CodeIgniter\Database\BaseConnection->simpleQuery()
 4 APPPATH/Controllers/Product.php(37): CodeIgniter\Database\BaseConnection->query()
 5 SYSTEMPATH/CodeIgniter.php(934): App\Controllers\Product->getAllData()
 6 SYSTEMPATH/CodeIgniter.php(499): CodeIgniter\CodeIgniter->runController()
 7 SYSTEMPATH/CodeIgniter.php(368): CodeIgniter\CodeIgniter->handleRequest()
 8 FCPATH/index.php(67): CodeIgniter\CodeIgniter->run()
 9 SYSTEMPATH/Commands/Server/rewrite.php(47): require_once('/var/www/html/practise/grocery/public/index.php')
ERROR - 2023-04-22 14:21:50 --> mysqli_sql_exception: Expression #1 of SELECT list is not in GROUP BY clause and contains nonaggregated column 'magent.news.id' which is not functionally dependent on columns in GROUP BY clause; this is incompatible with sql_mode=only_full_group_by in /var/www/html/practise/grocery/vendor/codeigniter4/framework/system/Database/MySQLi/Connection.php:295
Stack trace:
#0 /var/www/html/practise/grocery/vendor/codeigniter4/framework/system/Database/MySQLi/Connection.php(295): mysqli->query()
#1 /var/www/html/practise/grocery/vendor/codeigniter4/framework/system/Database/BaseConnection.php(691): CodeIgniter\Database\MySQLi\Connection->execute()
#2 /var/www/html/practise/grocery/vendor/codeigniter4/framework/system/Database/BaseConnection.php(605): CodeIgniter\Database\BaseConnection->simpleQuery()
#3 /var/www/html/practise/grocery/app/Controllers/Product.php(37): CodeIgniter\Database\BaseConnection->query()
#4 /var/www/html/practise/grocery/vendor/codeigniter4/framework/system/CodeIgniter.php(934): App\Controllers\Product->getAllData()
#5 /var/www/html/practise/grocery/vendor/codeigniter4/framework/system/CodeIgniter.php(499): CodeIgniter\CodeIgniter->runController()
#6 /var/www/html/practise/grocery/vendor/codeigniter4/framework/system/CodeIgniter.php(368): CodeIgniter\CodeIgniter->handleRequest()
#7 /var/www/html/practise/grocery/public/index.php(67): CodeIgniter\CodeIgniter->run()
#8 /var/www/html/practise/grocery/vendor/codeigniter4/framework/system/Commands/Server/rewrite.php(47): require_once('...')
#9 {main}
CRITICAL - 2023-04-22 14:21:50 --> Expression #1 of SELECT list is not in GROUP BY clause and contains nonaggregated column 'magent.news.id' which is not functionally dependent on columns in GROUP BY clause; this is incompatible with sql_mode=only_full_group_by
in SYSTEMPATH/Database/MySQLi/Connection.php on line 295.
 1 SYSTEMPATH/Database/MySQLi/Connection.php(295): mysqli->query()
 2 SYSTEMPATH/Database/BaseConnection.php(691): CodeIgniter\Database\MySQLi\Connection->execute()
 3 SYSTEMPATH/Database/BaseConnection.php(605): CodeIgniter\Database\BaseConnection->simpleQuery()
 4 APPPATH/Controllers/Product.php(37): CodeIgniter\Database\BaseConnection->query()
 5 SYSTEMPATH/CodeIgniter.php(934): App\Controllers\Product->getAllData()
 6 SYSTEMPATH/CodeIgniter.php(499): CodeIgniter\CodeIgniter->runController()
 7 SYSTEMPATH/CodeIgniter.php(368): CodeIgniter\CodeIgniter->handleRequest()
 8 FCPATH/index.php(67): CodeIgniter\CodeIgniter->run()
 9 SYSTEMPATH/Commands/Server/rewrite.php(47): require_once('/var/www/html/practise/grocery/public/index.php')
ERROR - 2023-04-22 14:24:01 --> mysqli_sql_exception: Expression #1 of SELECT list is not in GROUP BY clause and contains nonaggregated column 'magent.news.id' which is not functionally dependent on columns in GROUP BY clause; this is incompatible with sql_mode=only_full_group_by in /var/www/html/practise/grocery/vendor/codeigniter4/framework/system/Database/MySQLi/Connection.php:295
Stack trace:
#0 /var/www/html/practise/grocery/vendor/codeigniter4/framework/system/Database/MySQLi/Connection.php(295): mysqli->query()
#1 /var/www/html/practise/grocery/vendor/codeigniter4/framework/system/Database/BaseConnection.php(691): CodeIgniter\Database\MySQLi\Connection->execute()
#2 /var/www/html/practise/grocery/vendor/codeigniter4/framework/system/Database/BaseConnection.php(605): CodeIgniter\Database\BaseConnection->simpleQuery()
#3 /var/www/html/practise/grocery/app/Controllers/Product.php(40): CodeIgniter\Database\BaseConnection->query()
#4 /var/www/html/practise/grocery/vendor/codeigniter4/framework/system/CodeIgniter.php(934): App\Controllers\Product->getAllData()
#5 /var/www/html/practise/grocery/vendor/codeigniter4/framework/system/CodeIgniter.php(499): CodeIgniter\CodeIgniter->runController()
#6 /var/www/html/practise/grocery/vendor/codeigniter4/framework/system/CodeIgniter.php(368): CodeIgniter\CodeIgniter->handleRequest()
#7 /var/www/html/practise/grocery/public/index.php(67): CodeIgniter\CodeIgniter->run()
#8 /var/www/html/practise/grocery/vendor/codeigniter4/framework/system/Commands/Server/rewrite.php(47): require_once('...')
#9 {main}
CRITICAL - 2023-04-22 14:24:01 --> Expression #1 of SELECT list is not in GROUP BY clause and contains nonaggregated column 'magent.news.id' which is not functionally dependent on columns in GROUP BY clause; this is incompatible with sql_mode=only_full_group_by
in SYSTEMPATH/Database/MySQLi/Connection.php on line 295.
 1 SYSTEMPATH/Database/MySQLi/Connection.php(295): mysqli->query()
 2 SYSTEMPATH/Database/BaseConnection.php(691): CodeIgniter\Database\MySQLi\Connection->execute()
 3 SYSTEMPATH/Database/BaseConnection.php(605): CodeIgniter\Database\BaseConnection->simpleQuery()
 4 APPPATH/Controllers/Product.php(40): CodeIgniter\Database\BaseConnection->query()
 5 SYSTEMPATH/CodeIgniter.php(934): App\Controllers\Product->getAllData()
 6 SYSTEMPATH/CodeIgniter.php(499): CodeIgniter\CodeIgniter->runController()
 7 SYSTEMPATH/CodeIgniter.php(368): CodeIgniter\CodeIgniter->handleRequest()
 8 FCPATH/index.php(67): CodeIgniter\CodeIgniter->run()
 9 SYSTEMPATH/Commands/Server/rewrite.php(47): require_once('/var/www/html/practise/grocery/public/index.php')
